Wrecking.io/Library/Bee/Android/Prj/IL2CPP/Gradle/unityLibrary/build/intermediates/manifest_merge_blame_file/release/manifest-merger-blame-release-report.txt
1<?xml version="1.0" encoding="utf-8"?>
2<manifest xmlns:android="http://schemas.android.com/apk/res/android"
3    xmlns:tools="http://schemas.android.com/tools"
4    package="com.unity3d.player"
5    android:versionCode="1"
6    android:versionName="1.0" >
7
8    <uses-sdk
9        android:minSdkVersion="22"
9-->src\main\AndroidManifest.xml
10        android:targetSdkVersion="33" />
10-->src\main\AndroidManifest.xml
11
12    <uses-feature android:glEsVersion="0x00030000" />
12-->src\main\AndroidManifest.xml:19:3-52
12-->src\main\AndroidManifest.xml:19:17-49
13    <uses-feature
13-->src\main\AndroidManifest.xml:20:3-91
14        android:name="android.hardware.vulkan.version"
14-->src\main\AndroidManifest.xml:20:17-63
15        android:required="false" />
15-->src\main\AndroidManifest.xml:20:64-88
16    <uses-feature
16-->src\main\AndroidManifest.xml:21:3-84
17        android:name="android.hardware.type.pc"
17-->src\main\AndroidManifest.xml:21:17-56
18        android:required="false" />
18-->src\main\AndroidManifest.xml:21:57-81
19    <uses-feature android:name="android.software.home_screen" />
19-->src\main\AndroidManifest.xml:22:3-63
19-->src\main\AndroidManifest.xml:22:17-60
20    <uses-feature
20-->src\main\AndroidManifest.xml:23:3-88
21        android:name="android.hardware.touchscreen"
21-->src\main\AndroidManifest.xml:23:17-60
22        android:required="false" />
22-->src\main\AndroidManifest.xml:23:61-85
23    <uses-feature
23-->src\main\AndroidManifest.xml:24:3-99
24        android:name="android.hardware.touchscreen.multitouch"
24-->src\main\AndroidManifest.xml:24:17-71
25        android:required="false" />
25-->src\main\AndroidManifest.xml:24:72-96
26    <uses-feature
26-->src\main\AndroidManifest.xml:25:3-108
27        android:name="android.hardware.touchscreen.multitouch.distinct"
27-->src\main\AndroidManifest.xml:25:17-80
28        android:required="false" />
28-->src\main\AndroidManifest.xml:25:81-105
29
30    <application
30-->src\main\AndroidManifest.xml:3:3-18:17
31        android:extractNativeLibs="true"
31-->src\main\AndroidManifest.xml:3:16-48
32        android:isGame="true" >
32-->src\main\AndroidManifest.xml:3:49-70
33        <activity
33-->src\main\AndroidManifest.xml:4:5-12:16
34            android:name="com.unity3d.player.UnityPlayerActivity"
34-->src\main\AndroidManifest.xml:4:15-68
35            android:configChanges="mcc|mnc|locale|touchscreen|keyboard|keyboardHidden|navigation|orientation|screenLayout|uiMode|screenSize|smallestScreenSize|fontScale|layoutDirection|density"
35-->src\main\AndroidManifest.xml:4:181-362
36            android:exported="true"
36-->src\main\AndroidManifest.xml:4:434-457
37            android:hardwareAccelerated="false"
37-->src\main\AndroidManifest.xml:4:398-433
38            android:launchMode="singleTask"
38-->src\main\AndroidManifest.xml:4:149-180
39            android:resizeableActivity="false"
39-->src\main\AndroidManifest.xml:4:363-397
40            android:screenOrientation="landscape"
40-->src\main\AndroidManifest.xml:4:111-148
41            android:theme="@style/UnityThemeSelector" >
41-->src\main\AndroidManifest.xml:4:69-110
42            <intent-filter>
42-->src\main\AndroidManifest.xml:5:7-9:23
43                <action android:name="android.intent.action.MAIN" />
43-->src\main\AndroidManifest.xml:6:9-61
43-->src\main\AndroidManifest.xml:6:17-58
44
45                <category android:name="android.intent.category.LAUNCHER" />
45-->src\main\AndroidManifest.xml:7:9-69
45-->src\main\AndroidManifest.xml:7:19-66
46                <category android:name="android.intent.category.LEANBACK_LAUNCHER" />
46-->src\main\AndroidManifest.xml:8:9-78
46-->src\main\AndroidManifest.xml:8:19-75
47            </intent-filter>
48
49            <meta-data
49-->src\main\AndroidManifest.xml:10:7-82
50                android:name="unityplayer.UnityActivity"
50-->src\main\AndroidManifest.xml:10:18-58
51                android:value="true" />
51-->src\main\AndroidManifest.xml:10:59-79
52            <meta-data
52-->src\main\AndroidManifest.xml:11:7-78
53                android:name="android.notch_support"
53-->src\main\AndroidManifest.xml:11:18-54
54                android:value="true" />
54-->src\main\AndroidManifest.xml:11:55-75
55        </activity>
56
57        <meta-data
57-->src\main\AndroidManifest.xml:13:5-69
58            android:name="unity.splash-mode"
58-->src\main\AndroidManifest.xml:13:16-48
59            android:value="0" />
59-->src\main\AndroidManifest.xml:13:49-66
60        <meta-data
60-->src\main\AndroidManifest.xml:14:5-74
61            android:name="unity.splash-enable"
61-->src\main\AndroidManifest.xml:14:16-50
62            android:value="True" />
62-->src\main\AndroidManifest.xml:14:51-71
63        <meta-data
63-->src\main\AndroidManifest.xml:15:5-78
64            android:name="unity.launch-fullscreen"
64-->src\main\AndroidManifest.xml:15:16-54
65            android:value="True" />
65-->src\main\AndroidManifest.xml:15:55-75
66        <meta-data
66-->src\main\AndroidManifest.xml:16:5-84
67            android:name="unity.allow-resizable-window"
67-->src\main\AndroidManifest.xml:16:16-59
68            android:value="False" />
68-->src\main\AndroidManifest.xml:16:60-81
69        <meta-data
69-->src\main\AndroidManifest.xml:17:5-81
70            android:name="notch.config"
70-->src\main\AndroidManifest.xml:17:16-43
71            android:value="portrait|landscape" />
71-->src\main\AndroidManifest.xml:17:44-78
72    </application>
73
74</manifest>